<?xml version="1.0" encoding="UTF-8"?>
<testng-results ignored="0" total="1" passed="1" failed="0" skipped="0">
  <reporter-output>
    <line>
      <![CDATA[Vaild Page]]>
    </line>
    <line>
      <![CDATA[Vaild Page]]>
    </line>
    <line>
      <![CDATA[Vaild Page]]>
    </line>
    <line>
      <![CDATA[Vaild Page]]>
    </line>
    <line>
      <![CDATA[Vaild Page]]>
    </line>
  </reporter-output>
  <suite started-at="2024-10-24T12:57:09 IST" name="Flight Booking App" finished-at="2024-10-24T12:57:58 IST" duration-ms="48345">
    <groups>
    </groups>
    <test started-at="2024-10-24T12:57:09 IST" name="App Test" finished-at="2024-10-24T12:57:58 IST" duration-ms="48345">
      <class name="DriverFactory.AppTest">
        <test-method signature="startTest()[pri:0, instance:DriverFactory.AppTest@27406a17]" started-at="2024-10-24T12:57:10 IST" name="startTest" finished-at="2024-10-24T12:57:58 IST" duration-ms="48295" status="PASS">
          <reporter-output>
            <line>
              <![CDATA[Vaild Page]]>
            </line>
            <line>
              <![CDATA[Vaild Page]]>
            </line>
            <line>
              <![CDATA[Vaild Page]]>
            </line>
            <line>
              <![CDATA[Vaild Page]]>
            </line>
            <line>
              <![CDATA[Vaild Page]]>
            </line>
          </reporter-output>
        </test-method> <!-- startTest -->
      </class> <!-- DriverFactory.AppTest -->
    </test> <!-- App Test -->
  </suite> <!-- Flight Booking App -->
</testng-results>
