<?xml version="1.0" encoding="UTF-8"?>
<testng-results ignored="0" total="1" passed="1" failed="0" skipped="0">
  <reporter-output>
    <line>
      <![CDATA[Vaild Page]]>
    </line>
    <line>
      <![CDATA[Vaild Page]]>
    </line>
    <line>
      <![CDATA[Vaild Page]]>
    </line>
  </reporter-output>
  <suite started-at="2024-10-23T19:52:40 IST" name="Default suite" finished-at="2024-10-23T19:53:32 IST" duration-ms="52477">
    <groups>
    </groups>
    <test started-at="2024-10-23T19:52:40 IST" name="Default test" finished-at="2024-10-23T19:53:32 IST" duration-ms="52477">
      <class name="DriverFactory.AppTest">
        <test-method signature="startTest()[pri:0, instance:DriverFactory.AppTest@117159c0]" started-at="2024-10-23T19:52:40 IST" name="startTest" finished-at="2024-10-23T19:53:32 IST" duration-ms="52431" status="PASS">
          <reporter-output>
            <line>
              <![CDATA[Vaild Page]]>
            </line>
            <line>
              <![CDATA[Vaild Page]]>
            </line>
            <line>
              <![CDATA[Vaild Page]]>
            </line>
          </reporter-output>
        </test-method> <!-- startTest -->
      </class> <!-- DriverFactory.AppTest -->
    </test> <!-- Default test -->
  </suite> <!-- Default suite -->
</testng-results>
